<?xml version="1.0" encoding="UTF-8"?>
<!-- Generated by org.testng.reporters.JUnitReportReporter -->
<testsuite skipped="0" hostname="RL-Alekseyk" name="testcases.TC_001" tests="1" failures="0" timestamp="17 Jul 2017 17:13:44 GMT" time="10.576" errors="0">
  <testcase name="testcases1" time="10.576" classname="testcases.TC_001"/>
</testsuite> <!-- testcases.TC_001 -->
