<?xml version="1.0" encoding="UTF-8"?>
<!-- Generated by org.testng.reporters.JUnitReportReporter -->
<testsuite skipped="0" hostname="RL-Alekseyk" name="testcases.TC_002" tests="1" failures="0" timestamp="17 Jul 2017 17:13:44 GMT" time="12.479" errors="0">
  <testcase name="testcases1" time="12.479" classname="testcases.TC_002"/>
</testsuite> <!-- testcases.TC_002 -->
